AH00112: Warning: DocumentRoot [C:/Apache24/htdocs/example] does not exist
AH00112: Warning: DocumentRoot [C:/Apache24/htdocs/example] does not exist
AH00558: httpd.exe: Could not reliably determine the server's fully qualified domain name, using fe80::882b:f167:9554:5b40. Set the 'ServerName' directive globally to suppress this message
[Thu Apr 18 17:01:28.689616 2024] [mpm_winnt:notice] [pid 14556:tid 384] AH00455: Apache/2.4.59 (Win64) configured -- resuming normal operations
[Thu Apr 18 17:01:28.690615 2024] [mpm_winnt:notice] [pid 14556:tid 384] AH00456: Apache Lounge VS17 Server built: Apr  4 2024 15:03:17
[Thu Apr 18 17:01:28.690615 2024] [core:notice] [pid 14556:tid 384] AH00094: Command line: 'httpd.exe -d C:/Apache24'
[Thu Apr 18 17:01:28.699244 2024] [mpm_winnt:notice] [pid 14556:tid 384] AH00418: Parent: Created child process 33224
AH00112: Warning: DocumentRoot [C:/Apache24/htdocs/example] does not exist
AH00112: Warning: DocumentRoot [C:/Apache24/htdocs/example] does not exist
AH00558: httpd.exe: Could not reliably determine the server's fully qualified domain name, using fe80::882b:f167:9554:5b40. Set the 'ServerName' directive globally to suppress this message
Apache server interrupted...
t [C:/Apache24/htdocs/example] does not exist
AH00112: Warning: DocumentRoot [C:/Apache24/htdocs/example] does not exist
AH00558: httpd.exe: Could not reliably determine the server's fully qualified domain name, using fe80::882b:f167:9554:5b40. Set the 'ServerName' directive globally to suppress this message
[Thu Apr 18 17:01:29.203228 2024] [mpm_winnt:notice] [pid 33224:tid 356] AH00354: Child: Starting 64 worker threads.
[Thu Apr 18 17:02:23.137174 2024] [mpm_winnt:notice] [pid 14556:tid 384] AH00422: Parent: Received shutdown signal -- Shutting down the server.
[Thu Apr 18 17:02:25.157490 2024] [mpm_winnt:notice] [pid 33224:tid 356] AH00364: Child: All worker threads have exited.
[Thu Apr 18 17:02:25.176649 2024] [mpm_winnt:notice] [pid 14556:tid 384] AH00430: Parent: Child process 33224 exited successfully.
AH00112: Warning: DocumentRoot [C:/Apache24/htdocs/index.html] does not exist
AH00112: Warning: DocumentRoot [C:/Apache24/htdocs/index.html] does not exist
AH00558: httpd.exe: Could not reliably determine the server's fully qualified domain name, using fe80::882b:f167:9554:5b40. Set the 'ServerName' directive globally to suppress this message
[Thu Apr 18 17:02:25.788955 2024] [mpm_winnt:notice] [pid 31416:tid 384] AH00455: Apache/2.4.59 (Win64) configured -- resuming normal operations
[Thu Apr 18 17:02:25.788955 2024] [mpm_winnt:notice] [pid 31416:tid 384] AH00456: Apache Lounge VS17 Server built: Apr  4 2024 15:03:17
[Thu Apr 18 17:02:25.788955 2024] [core:notice] [pid 31416:tid 384] AH00094: Command line: 'httpd.exe -d C:/Apache24'
[Thu Apr 18 17:02:25.795301 2024] [mpm_winnt:notice] [pid 31416:tid 384] AH00418: Parent: Created child process 29204
AH00112: Warning: DocumentRoot [C:/Apache24/htdocs/index.html] does not exist
AH00112: Warning: DocumentRoot [C:/Apache24/htdocs/index.html] does not exist
AH00558: httpd.exe: Could not reliably determine the server's fully qualified domain name, using fe80::882b:f167:9554:5b40. Set the 'ServerName' directive globally to suppress this message
Apache server interrupted...
t [C:/Apache24/htdocs/index.html] does not exist
AH00112: Warning: DocumentRoot [C:/Apache24/htdocs/index.html] does not exist
AH00558: httpd.exe: Could not reliably determine the server's fully qualified domain name, using fe80::882b:f167:9554:5b40. Set the 'ServerName' directive globally to suppress this message
[Thu Apr 18 17:02:26.212711 2024] [mpm_winnt:notice] [pid 29204:tid 356] AH00354: Child: Starting 64 worker threads.
[Thu Apr 18 17:02:27.691133 2024] [mpm_winnt:notice] [pid 31416:tid 384] AH00422: Parent: Received shutdown signal -- Shutting down the server.
[Thu Apr 18 17:02:29.715448 2024] [mpm_winnt:notice] [pid 29204:tid 356] AH00364: Child: All worker threads have exited.
[Thu Apr 18 17:02:29.735846 2024] [mpm_winnt:notice] [pid 31416:tid 384] AH00430: Parent: Child process 29204 exited successfully.
AH00112: Warning: DocumentRoot [C:/Apache24/htdocs/index.html] does not exist
AH00112: Warning: DocumentRoot [C:/Apache24/htdocs/index.html] does not exist
AH00558: httpd.exe: Could not reliably determine the server's fully qualified domain name, using fe80::882b:f167:9554:5b40. Set the 'ServerName' directive globally to suppress this message
[Thu Apr 18 17:04:22.898854 2024] [mpm_winnt:notice] [pid 30280:tid 384] AH00455: Apache/2.4.59 (Win64) configured -- resuming normal operations
[Thu Apr 18 17:04:22.898854 2024] [mpm_winnt:notice] [pid 30280:tid 384] AH00456: Apache Lounge VS17 Server built: Apr  4 2024 15:03:17
[Thu Apr 18 17:04:22.898854 2024] [core:notice] [pid 30280:tid 384] AH00094: Command line: 'httpd.exe -d C:/Apache24'
[Thu Apr 18 17:04:22.909238 2024] [mpm_winnt:notice] [pid 30280:tid 384] AH00418: Parent: Created child process 23812
AH00112: Warning: DocumentRoot [C:/Apache24/htdocs/index.html] does not exist
AH00112: Warning: DocumentRoot [C:/Apache24/htdocs/index.html] does not exist
AH00558: httpd.exe: Could not reliably determine the server's fully qualified domain name, using fe80::882b:f167:9554:5b40. Set the 'ServerName' directive globally to suppress this message
Apache server interrupted...
t [C:/Apache24/htdocs/index.html] does not exist
AH00112: Warning: DocumentRoot [C:/Apache24/htdocs/index.html] does not exist
AH00558: httpd.exe: Could not reliably determine the server's fully qualified domain name, using fe80::882b:f167:9554:5b40. Set the 'ServerName' directive globally to suppress this message
[Thu Apr 18 17:04:23.321845 2024] [mpm_winnt:notice] [pid 23812:tid 352] AH00354: Child: Starting 64 worker threads.
[Thu Apr 18 17:04:53.255487 2024] [mpm_winnt:notice] [pid 30280:tid 384] AH00422: Parent: Received shutdown signal -- Shutting down the server.
[Thu Apr 18 17:04:55.281470 2024] [mpm_winnt:notice] [pid 23812:tid 352] AH00364: Child: All worker threads have exited.
[Thu Apr 18 17:04:55.300623 2024] [mpm_winnt:notice] [pid 30280:tid 384] AH00430: Parent: Child process 23812 exited successfully.
AH00112: Warning: DocumentRoot [C:/Apache24/htdocs/index] does not exist
AH00112: Warning: DocumentRoot [C:/Apache24/htdocs/index] does not exist
AH00558: httpd.exe: Could not reliably determine the server's fully qualified domain name, using fe80::882b:f167:9554:5b40. Set the 'ServerName' directive globally to suppress this message
[Thu Apr 18 17:04:57.138226 2024] [mpm_winnt:notice] [pid 28204:tid 384] AH00455: Apache/2.4.59 (Win64) configured -- resuming normal operations
[Thu Apr 18 17:04:57.139240 2024] [mpm_winnt:notice] [pid 28204:tid 384] AH00456: Apache Lounge VS17 Server built: Apr  4 2024 15:03:17
[Thu Apr 18 17:04:57.139240 2024] [core:notice] [pid 28204:tid 384] AH00094: Command line: 'httpd.exe -d C:/Apache24'
[Thu Apr 18 17:04:57.145808 2024] [mpm_winnt:notice] [pid 28204:tid 384] AH00418: Parent: Created child process 18488
AH00112: Warning: DocumentRoot [C:/Apache24/htdocs/index] does not exist
AH00112: Warning: DocumentRoot [C:/Apache24/htdocs/index] does not exist
AH00558: httpd.exe: Could not reliably determine the server's fully qualified domain name, using fe80::882b:f167:9554:5b40. Set the 'ServerName' directive globally to suppress this message
Apache server interrupted...
t [C:/Apache24/htdocs/index] does not exist
AH00112: Warning: DocumentRoot [C:/Apache24/htdocs/index] does not exist
AH00558: httpd.exe: Could not reliably determine the server's fully qualified domain name, using fe80::882b:f167:9554:5b40. Set the 'ServerName' directive globally to suppress this message
[Thu Apr 18 17:04:57.549006 2024] [mpm_winnt:notice] [pid 18488:tid 356] AH00354: Child: Starting 64 worker threads.
[Thu Apr 18 17:05:01.394396 2024] [mpm_winnt:notice] [pid 28204:tid 384] AH00422: Parent: Received shutdown signal -- Shutting down the server.
[Thu Apr 18 17:05:03.408086 2024] [mpm_winnt:notice] [pid 18488:tid 356] AH00364: Child: All worker threads have exited.
[Thu Apr 18 17:05:03.426486 2024] [mpm_winnt:notice] [pid 28204:tid 384] AH00430: Parent: Child process 18488 exited successfully.
AH00112: Warning: DocumentRoot [C:/Apache24/htdocs/index] does not exist
AH00112: Warning: DocumentRoot [C:/Apache24/htdocs/index] does not exist
AH00558: httpd.exe: Could not reliably determine the server's fully qualified domain name, using fe80::882b:f167:9554:5b40. Set the 'ServerName' directive globally to suppress this message
[Thu Apr 18 17:07:41.639418 2024] [mpm_winnt:notice] [pid 29720:tid 396] AH00455: Apache/2.4.59 (Win64) configured -- resuming normal operations
[Thu Apr 18 17:07:41.640418 2024] [mpm_winnt:notice] [pid 29720:tid 396] AH00456: Apache Lounge VS17 Server built: Apr  4 2024 15:03:17
[Thu Apr 18 17:07:41.640418 2024] [core:notice] [pid 29720:tid 396] AH00094: Command line: 'httpd.exe -d C:/Apache24'
[Thu Apr 18 17:07:41.649518 2024] [mpm_winnt:notice] [pid 29720:tid 396] AH00418: Parent: Created child process 11168
AH00112: Warning: DocumentRoot [C:/Apache24/htdocs/index] does not exist
AH00112: Warning: DocumentRoot [C:/Apache24/htdocs/index] does not exist
AH00558: httpd.exe: Could not reliably determine the server's fully qualified domain name, using fe80::882b:f167:9554:5b40. Set the 'ServerName' directive globally to suppress this message
Apache server interrupted...
t [C:/Apache24/htdocs/index] does not exist
AH00112: Warning: DocumentRoot [C:/Apache24/htdocs/index] does not exist
AH00558: httpd.exe: Could not reliably determine the server's fully qualified domain name, using fe80::882b:f167:9554:5b40. Set the 'ServerName' directive globally to suppress this message
[Thu Apr 18 17:07:42.055069 2024] [mpm_winnt:notice] [pid 11168:tid 352] AH00354: Child: Starting 64 worker threads.
[Thu Apr 18 17:08:18.486399 2024] [mpm_winnt:notice] [pid 29720:tid 396] AH00422: Parent: Received shutdown signal -- Shutting down the server.
[Thu Apr 18 17:08:20.509396 2024] [mpm_winnt:notice] [pid 11168:tid 352] AH00364: Child: All worker threads have exited.
[Thu Apr 18 17:08:20.529279 2024] [mpm_winnt:notice] [pid 29720:tid 396] AH00430: Parent: Child process 11168 exited successfully.
AH00558: httpd.exe: Could not reliably determine the server's fully qualified domain name, using fe80::882b:f167:9554:5b40. Set the 'ServerName' directive globally to suppress this message
[Thu Apr 18 17:08:22.336211 2024] [mpm_winnt:notice] [pid 23580:tid 384] AH00455: Apache/2.4.59 (Win64) configured -- resuming normal operations
[Thu Apr 18 17:08:22.337216 2024] [mpm_winnt:notice] [pid 23580:tid 384] AH00456: Apache Lounge VS17 Server built: Apr  4 2024 15:03:17
[Thu Apr 18 17:08:22.337216 2024] [core:notice] [pid 23580:tid 384] AH00094: Command line: 'httpd.exe -d C:/Apache24'
[Thu Apr 18 17:08:22.343216 2024] [mpm_winnt:notice] [pid 23580:tid 384] AH00418: Parent: Created child process 24908
AH00558: httpd.exe: Could not reliably determine the server's fully qualified domain name, using fe80::882b:f167:9554:5b40. Set the 'ServerName' directive globally to suppress this message
Apache server interrupted...
 reliably determine the server's fully qualified domain name, using fe80::882b:f167:9554:5b40. Set the 'ServerName' directive globally to suppress this message
[Thu Apr 18 17:08:22.844726 2024] [mpm_winnt:notice] [pid 24908:tid 356] AH00354: Child: Starting 64 worker threads.
[Thu Apr 18 17:09:51.959603 2024] [mpm_winnt:notice] [pid 23580:tid 384] AH00422: Parent: Received shutdown signal -- Shutting down the server.
[Thu Apr 18 17:09:53.980494 2024] [mpm_winnt:notice] [pid 24908:tid 356] AH00364: Child: All worker threads have exited.
[Thu Apr 18 17:09:53.999572 2024] [mpm_winnt:notice] [pid 23580:tid 384] AH00430: Parent: Child process 24908 exited successfully.
AH00558: httpd.exe: Could not reliably determine the server's fully qualified domain name, using fe80::882b:f167:9554:5b40. Set the 'ServerName' directive globally to suppress this message
[Thu Apr 18 17:09:55.908395 2024] [mpm_winnt:notice] [pid 9388:tid 384] AH00455: Apache/2.4.59 (Win64) configured -- resuming normal operations
[Thu Apr 18 17:09:55.909900 2024] [mpm_winnt:notice] [pid 9388:tid 384] AH00456: Apache Lounge VS17 Server built: Apr  4 2024 15:03:17
[Thu Apr 18 17:09:55.909900 2024] [core:notice] [pid 9388:tid 384] AH00094: Command line: 'httpd.exe -d C:/Apache24'
[Thu Apr 18 17:09:55.917253 2024] [mpm_winnt:notice] [pid 9388:tid 384] AH00418: Parent: Created child process 21140
AH00558: httpd.exe: Could not reliably determine the server's fully qualified domain name, using fe80::882b:f167:9554:5b40. Set the 'ServerName' directive globally to suppress this message
Apache server interrupted...
 reliably determine the server's fully qualified domain name, using fe80::882b:f167:9554:5b40. Set the 'ServerName' directive globally to suppress this message
[Thu Apr 18 17:09:56.312097 2024] [mpm_winnt:notice] [pid 21140:tid 352] AH00354: Child: Starting 64 worker threads.
[Thu Apr 18 17:10:31.403807 2024] [mpm_winnt:notice] [pid 9388:tid 384] AH00422: Parent: Received shutdown signal -- Shutting down the server.
[Thu Apr 18 17:10:33.419958 2024] [mpm_winnt:notice] [pid 21140:tid 352] AH00364: Child: All worker threads have exited.
[Thu Apr 18 17:10:33.438461 2024] [mpm_winnt:notice] [pid 9388:tid 384] AH00430: Parent: Child process 21140 exited successfully.
AH00112: Warning: DocumentRoot [C:/Apache24/htdocs/Testwebsite/index] does not exist
AH00112: Warning: DocumentRoot [C:/Apache24/htdocs/Testwebsite/index] does not exist
AH00558: httpd.exe: Could not reliably determine the server's fully qualified domain name, using fe80::882b:f167:9554:5b40. Set the 'ServerName' directive globally to suppress this message
[Thu Apr 18 17:11:11.702571 2024] [mpm_winnt:notice] [pid 31996:tid 384] AH00455: Apache/2.4.59 (Win64) configured -- resuming normal operations
[Thu Apr 18 17:11:11.703570 2024] [mpm_winnt:notice] [pid 31996:tid 384] AH00456: Apache Lounge VS17 Server built: Apr  4 2024 15:03:17
[Thu Apr 18 17:11:11.703570 2024] [core:notice] [pid 31996:tid 384] AH00094: Command line: 'httpd.exe -d C:/Apache24'
[Thu Apr 18 17:11:11.711686 2024] [mpm_winnt:notice] [pid 31996:tid 384] AH00418: Parent: Created child process 5664
AH00112: Warning: DocumentRoot [C:/Apache24/htdocs/Testwebsite/index] does not exist
AH00112: Warning: DocumentRoot [C:/Apache24/htdocs/Testwebsite/index] does not exist
AH00558: httpd.exe: Could not reliably determine the server's fully qualified domain name, using fe80::882b:f167:9554:5b40. Set the 'ServerName' directive globally to suppress this message
Apache server interrupted...
t [C:/Apache24/htdocs/Testwebsite/index] does not exist
AH00112: Warning: DocumentRoot [C:/Apache24/htdocs/Testwebsite/index] does not exist
AH00558: httpd.exe: Could not reliably determine the server's fully qualified domain name, using fe80::882b:f167:9554:5b40. Set the 'ServerName' directive globally to suppress this message
[Thu Apr 18 17:11:12.110299 2024] [mpm_winnt:notice] [pid 5664:tid 356] AH00354: Child: Starting 64 worker threads.
[Thu Apr 18 17:11:24.523565 2024] [mpm_winnt:notice] [pid 31996:tid 384] AH00422: Parent: Received shutdown signal -- Shutting down the server.
[Thu Apr 18 17:11:26.538007 2024] [mpm_winnt:notice] [pid 5664:tid 356] AH00364: Child: All worker threads have exited.
[Thu Apr 18 17:11:26.558398 2024] [mpm_winnt:notice] [pid 31996:tid 384] AH00430: Parent: Child process 5664 exited successfully.
AH00112: Warning: DocumentRoot [C:/Apache24/htdocs/Testwebsite/index.html] does not exist
AH00112: Warning: DocumentRoot [C:/Apache24/htdocs/Testwebsite/index.html] does not exist
AH00558: httpd.exe: Could not reliably determine the server's fully qualified domain name, using fe80::882b:f167:9554:5b40. Set the 'ServerName' directive globally to suppress this message
[Thu Apr 18 17:11:29.115654 2024] [mpm_winnt:notice] [pid 2160:tid 384] AH00455: Apache/2.4.59 (Win64) configured -- resuming normal operations
[Thu Apr 18 17:11:29.116160 2024] [mpm_winnt:notice] [pid 2160:tid 384] AH00456: Apache Lounge VS17 Server built: Apr  4 2024 15:03:17
[Thu Apr 18 17:11:29.116160 2024] [core:notice] [pid 2160:tid 384] AH00094: Command line: 'httpd.exe -d C:/Apache24'
[Thu Apr 18 17:11:29.122677 2024] [mpm_winnt:notice] [pid 2160:tid 384] AH00418: Parent: Created child process 29376
AH00112: Warning: DocumentRoot [C:/Apache24/htdocs/Testwebsite/index.html] does not exist
AH00112: Warning: DocumentRoot [C:/Apache24/htdocs/Testwebsite/index.html] does not exist
AH00558: httpd.exe: Could not reliably determine the server's fully qualified domain name, using fe80::882b:f167:9554:5b40. Set the 'ServerName' directive globally to suppress this message
Apache server interrupted...
t [C:/Apache24/htdocs/Testwebsite/index.html] does not exist
AH00112: Warning: DocumentRoot [C:/Apache24/htdocs/Testwebsite/index.html] does not exist
AH00558: httpd.exe: Could not reliably determine the server's fully qualified domain name, using fe80::882b:f167:9554:5b40. Set the 'ServerName' directive globally to suppress this message
[Thu Apr 18 17:11:29.642193 2024] [mpm_winnt:notice] [pid 29376:tid 352] AH00354: Child: Starting 64 worker threads.
[Thu Apr 18 17:13:20.404389 2024] [mpm_winnt:notice] [pid 2160:tid 384] AH00422: Parent: Received shutdown signal -- Shutting down the server.
[Thu Apr 18 17:13:22.422130 2024] [mpm_winnt:notice] [pid 29376:tid 352] AH00364: Child: All worker threads have exited.
[Thu Apr 18 17:13:22.448125 2024] [mpm_winnt:notice] [pid 2160:tid 384] AH00430: Parent: Child process 29376 exited successfully.
AH00558: httpd.exe: Could not reliably determine the server's fully qualified domain name, using fe80::882b:f167:9554:5b40. Set the 'ServerName' directive globally to suppress this message
[Thu Apr 18 17:13:24.157516 2024] [mpm_winnt:notice] [pid 25696:tid 384] AH00455: Apache/2.4.59 (Win64) configured -- resuming normal operations
[Thu Apr 18 17:13:24.159023 2024] [mpm_winnt:notice] [pid 25696:tid 384] AH00456: Apache Lounge VS17 Server built: Apr  4 2024 15:03:17
[Thu Apr 18 17:13:24.159023 2024] [core:notice] [pid 25696:tid 384] AH00094: Command line: 'httpd.exe -d C:/Apache24'
[Thu Apr 18 17:13:24.165548 2024] [mpm_winnt:notice] [pid 25696:tid 384] AH00418: Parent: Created child process 26636
AH00558: httpd.exe: Could not reliably determine the server's fully qualified domain name, using fe80::882b:f167:9554:5b40. Set the 'ServerName' directive globally to suppress this message
Apache server interrupted...
 reliably determine the server's fully qualified domain name, using fe80::882b:f167:9554:5b40. Set the 'ServerName' directive globally to suppress this message
[Thu Apr 18 17:13:24.567249 2024] [mpm_winnt:notice] [pid 26636:tid 356] AH00354: Child: Starting 64 worker threads.
[Thu Apr 18 17:14:14.887266 2024] [mpm_winnt:notice] [pid 25696:tid 384] AH00422: Parent: Received shutdown signal -- Shutting down the server.
[Thu Apr 18 17:14:16.907020 2024] [mpm_winnt:notice] [pid 26636:tid 356] AH00364: Child: All worker threads have exited.
[Thu Apr 18 17:14:16.929400 2024] [mpm_winnt:notice] [pid 25696:tid 384] AH00430: Parent: Child process 26636 exited successfully.
AH00558: httpd.exe: Could not reliably determine the server's fully qualified domain name, using fe80::882b:f167:9554:5b40. Set the 'ServerName' directive globally to suppress this message
[Thu Apr 18 17:14:18.176971 2024] [mpm_winnt:notice] [pid 16072:tid 388] AH00455: Apache/2.4.59 (Win64) configured -- resuming normal operations
[Thu Apr 18 17:14:18.177972 2024] [mpm_winnt:notice] [pid 16072:tid 388] AH00456: Apache Lounge VS17 Server built: Apr  4 2024 15:03:17
[Thu Apr 18 17:14:18.177972 2024] [core:notice] [pid 16072:tid 388] AH00094: Command line: 'httpd.exe -d C:/Apache24'
[Thu Apr 18 17:14:18.184110 2024] [mpm_winnt:notice] [pid 16072:tid 388] AH00418: Parent: Created child process 10972
AH00558: httpd.exe: Could not reliably determine the server's fully qualified domain name, using fe80::882b:f167:9554:5b40. Set the 'ServerName' directive globally to suppress this message
Apache server interrupted...
 reliably determine the server's fully qualified domain name, using fe80::882b:f167:9554:5b40. Set the 'ServerName' directive globally to suppress this message
[Thu Apr 18 17:14:18.582331 2024] [mpm_winnt:notice] [pid 10972:tid 352] AH00354: Child: Starting 64 worker threads.
[Thu Apr 18 17:39:17.164745 2024] [mpm_winnt:notice] [pid 16072:tid 388] AH00422: Parent: Received shutdown signal -- Shutting down the server.
[Thu Apr 18 17:39:19.181035 2024] [mpm_winnt:notice] [pid 10972:tid 352] AH00364: Child: All worker threads have exited.
[Thu Apr 18 17:39:19.201197 2024] [mpm_winnt:notice] [pid 16072:tid 388] AH00430: Parent: Child process 10972 exited successfully.
[Thu Apr 18 17:39:32.800896 2024] [mpm_winnt:notice] [pid 19668:tid 384] AH00455: Apache/2.4.59 (Win64) configured -- resuming normal operations
[Thu Apr 18 17:39:32.801896 2024] [mpm_winnt:notice] [pid 19668:tid 384] AH00456: Apache Lounge VS17 Server built: Apr  4 2024 15:03:17
[Thu Apr 18 17:39:32.801896 2024] [core:notice] [pid 19668:tid 384] AH00094: Command line: 'httpd.exe -d C:/Apache24'
[Thu Apr 18 17:39:32.808404 2024] [mpm_winnt:notice] [pid 19668:tid 384] AH00418: Parent: Created child process 2444
Apache server interrupted...
024] [mpm_winnt:notice] [pid 2444:tid 352] AH00354: Child: Starting 64 worker threads.
[Thu Apr 18 17:43:01.091354 2024] [mpm_winnt:notice] [pid 19668:tid 384] AH00422: Parent: Received shutdown signal -- Shutting down the server.
[Thu Apr 18 17:43:03.106188 2024] [mpm_winnt:notice] [pid 2444:tid 352] AH00364: Child: All worker threads have exited.
[Thu Apr 18 17:43:03.128970 2024] [mpm_winnt:notice] [pid 19668:tid 384] AH00430: Parent: Child process 2444 exited successfully.
[Thu Apr 18 17:43:11.831272 2024] [mpm_winnt:notice] [pid 15412:tid 392] AH00455: Apache/2.4.59 (Win64) configured -- resuming normal operations
[Thu Apr 18 17:43:11.832777 2024] [mpm_winnt:notice] [pid 15412:tid 392] AH00456: Apache Lounge VS17 Server built: Apr  4 2024 15:03:17
[Thu Apr 18 17:43:11.832777 2024] [core:notice] [pid 15412:tid 392] AH00094: Command line: 'httpd.exe -d C:/Apache24'
[Thu Apr 18 17:43:11.839782 2024] [mpm_winnt:notice] [pid 15412:tid 392] AH00418: Parent: Created child process 32884
Apache server interrupted...
024] [mpm_winnt:notice] [pid 32884:tid 352] AH00354: Child: Starting 64 worker threads.
[Thu Apr 18 17:43:29.459552 2024] [mpm_winnt:notice] [pid 15412:tid 392] AH00422: Parent: Received shutdown signal -- Shutting down the server.
[Thu Apr 18 17:43:31.488070 2024] [mpm_winnt:notice] [pid 32884:tid 352] AH00364: Child: All worker threads have exited.
[Thu Apr 18 17:43:31.510079 2024] [mpm_winnt:notice] [pid 15412:tid 392] AH00430: Parent: Child process 32884 exited successfully.
[Fri Apr 19 09:17:13.445074 2024] [mpm_winnt:notice] [pid 33176:tid 332] AH00455: Apache/2.4.59 (Win64) configured -- resuming normal operations
[Fri Apr 19 09:17:13.447073 2024] [mpm_winnt:notice] [pid 33176:tid 332] AH00456: Apache Lounge VS17 Server built: Apr  4 2024 15:03:17
[Fri Apr 19 09:17:13.447073 2024] [core:notice] [pid 33176:tid 332] AH00094: Command line: 'C:\\Apache24\\bin\\httpd.exe -d C:/Apache24'
[Fri Apr 19 09:17:13.456591 2024] [mpm_winnt:notice] [pid 33176:tid 332] AH00418: Parent: Created child process 21316
Apache server shutdown initiated...
pm_winnt:notice] [pid 21316:tid 356] AH00354: Child: Starting 64 worker threads.
[Fri Apr 19 09:17:32.944899 2024] [mpm_winnt:notice] [pid 33176:tid 332] AH00422: Parent: Received shutdown signal -- Shutting down the server.
[Fri Apr 19 09:17:34.963507 2024] [mpm_winnt:notice] [pid 21316:tid 356] AH00364: Child: All worker threads have exited.
[Fri Apr 19 09:17:34.984263 2024] [mpm_winnt:notice] [pid 33176:tid 332] AH00430: Parent: Child process 21316 exited successfully.
[Fri Apr 19 10:56:38.079785 2024] [mpm_winnt:notice] [pid 25080:tid 356] AH00455: Apache/2.4.59 (Win64) configured -- resuming normal operations
[Fri Apr 19 10:56:38.079785 2024] [mpm_winnt:notice] [pid 25080:tid 356] AH00456: Apache Lounge VS17 Server built: Apr  4 2024 15:03:17
[Fri Apr 19 10:56:38.079785 2024] [core:notice] [pid 25080:tid 356] AH00094: Command line: 'C:\\Apache24\\bin\\httpd.exe -d C:/Apache24'
[Fri Apr 19 10:56:38.089878 2024] [mpm_winnt:notice] [pid 25080:tid 356] AH00418: Parent: Created child process 5040
Apache server shutdown initiated...
pm_winnt:notice] [pid 5040:tid 356] AH00354: Child: Starting 64 worker threads.
[Fri Apr 19 11:00:52.971170 2024] [mpm_winnt:notice] [pid 25080:tid 356] AH00422: Parent: Received shutdown signal -- Shutting down the server.
[Fri Apr 19 11:00:54.986093 2024] [mpm_winnt:notice] [pid 5040:tid 356] AH00364: Child: All worker threads have exited.
[Fri Apr 19 11:00:55.016516 2024] [mpm_winnt:notice] [pid 25080:tid 356] AH00430: Parent: Child process 5040 exited successfully.
[Fri Apr 19 11:01:03.510581 2024] [mpm_winnt:notice] [pid 23144:tid 400] AH00455: Apache/2.4.59 (Win64) configured -- resuming normal operations
[Fri Apr 19 11:01:03.510581 2024] [mpm_winnt:notice] [pid 23144:tid 400] AH00456: Apache Lounge VS17 Server built: Apr  4 2024 15:03:17
[Fri Apr 19 11:01:03.510581 2024] [core:notice] [pid 23144:tid 400] AH00094: Command line: 'C:\\Apache24\\bin\\httpd.exe -d C:/Apache24'
[Fri Apr 19 11:01:03.520712 2024] [mpm_winnt:notice] [pid 23144:tid 400] AH00418: Parent: Created child process 26564
Apache server shutdown initiated...
pm_winnt:notice] [pid 26564:tid 352] AH00354: Child: Starting 64 worker threads.
[Fri Apr 19 11:05:52.392868 2024] [mpm_winnt:notice] [pid 23144:tid 400] AH00422: Parent: Received shutdown signal -- Shutting down the server.
[Fri Apr 19 11:05:54.420293 2024] [mpm_winnt:notice] [pid 26564:tid 352] AH00364: Child: All worker threads have exited.
[Fri Apr 19 11:05:54.440530 2024] [mpm_winnt:notice] [pid 23144:tid 400] AH00430: Parent: Child process 26564 exited successfully.
